<?xml version="1.0" encoding="utf-8"?>
<TestRun id="7164138f-b9da-453b-990f-193cd2d1b854" name="kimit@MELLN 2019-06-08 23:42:05:567" runUser="MELLN\kimit" xmlns="http://microsoft.com/schemas/VisualStudio/TeamTest/2010">
  <Times creation="2019-06-08T23:42:05.5755147+09:00" queuing="2019-06-08T23:42:05.5755148+09:00" start="2019-06-08T23:42:04.7195449+09:00" finish="2019-06-08T23:42:05.5880130+09:00" />
  <TestSettings name="default" id="cd036792-a767-435b-acb3-de4ff25dba87">
    <Deployment runDeploymentRoot="kimit_MELLN_2019-06-08_23_42_05_567" />
  </TestSettings>
  <Results>
    <UnitTestResult executionId="d3849856-250f-4dfd-9c97-cb6fa19621ed" testId="f1e82af4-93bc-0d43-09aa-d540a521a4b8" testName="TestVersion" computerName="MELLN" duration="00:00:00.0070055" startTime="2019-06-08T23:42:05.3466007+09:00" endTime="2019-06-08T23:42:05.3839277+09:00" testType="13cdc9d9-ddb5-4fa4-a97d-d965ccfc6d4b" outcome="Passed" testListId="8c84fa94-04c1-424b-9868-57a2d4851a1d" relativeResultsDirectory="d3849856-250f-4dfd-9c97-cb6fa19621ed" />
  </Results>
  <TestDefinitions>
    <UnitTest name="TestVersion" storage="c:\users\kimit\source\repos\azurepipelinesample\azurepipelinesample.netstandard.lib.test\bin\ci_release\netcoreapp2.1\azurepipelinesample.netstandard.lib.test.dll" id="f1e82af4-93bc-0d43-09aa-d540a521a4b8">
      <Execution id="d3849856-250f-4dfd-9c97-cb6fa19621ed" />
      <TestMethod codeBase="C:\Users\kimit\source\repos\AzurePipelineSample\AzurePipelineSample.NETStandard.Lib.Test\bin\CI_Release\netcoreapp2.1\AzurePipelineSample.NETStandard.Lib.Test.dll" adapterTypeName="executor://mstestadapter/v2" className="AzurePipelineSample.NETStandard.Lib.Test.LibraryTest" name="TestVersion" />
    </UnitTest>
  </TestDefinitions>
  <TestEntries>
    <TestEntry testId="f1e82af4-93bc-0d43-09aa-d540a521a4b8" executionId="d3849856-250f-4dfd-9c97-cb6fa19621ed" testListId="8c84fa94-04c1-424b-9868-57a2d4851a1d" />
  </TestEntries>
  <TestLists>
    <TestList name="Results Not in a List" id="8c84fa94-04c1-424b-9868-57a2d4851a1d" />
    <TestList name="All Loaded Results" id="19431567-8539-422a-85d7-44ee4e166bda" />
  </TestLists>
  <ResultSummary outcome="Completed">
    <Counters total="1" executed="1" passed="1" failed="0" error="0" timeout="0" aborted="0" inconclusive="0" passedButRunAborted="0" notRunnable="0" notExecuted="0" disconnected="0" warning="0" completed="0" inProgress="0" pending="0" />
  </ResultSummary>
</TestRun>